C:\Users\lh178-03\Documents\AGK\IDE\templates\Balloon Ace Game\\Final\template.exe
C:\Users\lh178-03\Documents\AGK\IDE\templates\Balloon Ace Game\\Final\template.exe.intermediate.manifest
C:\Users\lh178-03\Documents\AGK\IDE\templates\Balloon Ace Game\\Final\template.pdb
C:\Users\lh178-03\Documents\AGK\IDE\templates\Balloon Ace Game\Final\cl.command.1.tlog
C:\Users\lh178-03\Documents\AGK\IDE\templates\Balloon Ace Game\Final\CL.read.1.tlog
C:\Users\lh178-03\Documents\AGK\IDE\templates\Balloon Ace Game\Final\CL.write.1.tlog
C:\USERS\LH178-03\DOCUMENTS\AGK\IDE\TEMPLATES\BALLOON ACE GAME\FINAL\CORE.OBJ
C:\Users\lh178-03\Documents\AGK\IDE\templates\Balloon Ace Game\Final\link.command.1.tlog
C:\Users\lh178-03\Documents\AGK\IDE\templates\Balloon Ace Game\Final\link.read.1.tlog
C:\Users\lh178-03\Documents\AGK\IDE\templates\Balloon Ace Game\Final\link.write.1.tlog
C:\Users\lh178-03\Documents\AGK\IDE\templates\Balloon Ace Game\Final\link-cvtres.read.1.tlog
C:\Users\lh178-03\Documents\AGK\IDE\templates\Balloon Ace Game\Final\link-cvtres.write.1.tlog
C:\Users\lh178-03\Documents\AGK\IDE\templates\Balloon Ace Game\Final\mt.command.1.tlog
C:\Users\lh178-03\Documents\AGK\IDE\templates\Balloon Ace Game\Final\mt.read.1.tlog
C:\Users\lh178-03\Documents\AGK\IDE\templates\Balloon Ace Game\Final\mt.write.1.tlog
C:\Users\lh178-03\Documents\AGK\IDE\templates\Balloon Ace Game\Final\rc.command.1.tlog
C:\Users\lh178-03\Documents\AGK\IDE\templates\Balloon Ace Game\Final\rc.read.1.tlog
C:\Users\lh178-03\Documents\AGK\IDE\templates\Balloon Ace Game\Final\rc.write.1.tlog
C:\USERS\LH178-03\DOCUMENTS\AGK\IDE\TEMPLATES\BALLOON ACE GAME\FINAL\TEMPLATE.EXE
C:\Users\lh178-03\Documents\AGK\IDE\templates\Balloon Ace Game\Final\template.exe.embed.manifest
C:\USERS\LH178-03\DOCUMENTS\AGK\IDE\TEMPLATES\BALLOON ACE GAME\FINAL\TEMPLATE.EXE.EMBED.MANIFEST.RES
C:\USERS\LH178-03\DOCUMENTS\AGK\IDE\TEMPLATES\BALLOON ACE GAME\FINAL\TEMPLATE.EXE.INTERMEDIATE.MANIFEST
C:\USERS\LH178-03\DOCUMENTS\AGK\IDE\TEMPLATES\BALLOON ACE GAME\FINAL\TEMPLATE.OBJ
C:\Users\lh178-03\Documents\AGK\IDE\templates\Balloon Ace Game\Final\template.pdb
C:\Users\lh178-03\Documents\AGK\IDE\templates\Balloon Ace Game\Final\template_manifest.rc
C:\Users\lh178-03\Documents\AGK\IDE\templates\Balloon Ace Game\Final\vc100.idb
C:\USERS\LH178-03\DOCUMENTS\AGK\IDE\TEMPLATES\BALLOON ACE GAME\FINAL\VC100.PDB
